<?xml version="1.0" encoding="UTF-8"?>
<!-- Generated by org.testng.reporters.JUnitReportReporter -->
<testsuite skipped="0" hostname="VN-HCM-D-L-0004" name="Tes_RestAssured.APITestingFramework.TestAPI1" tests="1" failures="0" timestamp="2022-06-10T11:24:26 ICT" time="3.003" errors="0">
  <testcase name="GetAPI" time="3.003" classname="Tes_RestAssured.APITestingFramework.TestAPI1"/>
  <system-out/>
</testsuite> <!-- Tes_RestAssured.APITestingFramework.TestAPI1 -->
