<?xml version="1.0" encoding="UTF-8"?>
<!-- Generated by org.testng.reporters.JUnitReportReporter -->
<testsuite skipped="0" hostname="VN-HCM-D-L-0004" name="Tes_RestAssured.APITestingFramework.TestAPI5" tests="1" failures="0" timestamp="2022-06-08T15:12:38 ICT" time="3.528" errors="0">
  <testcase name="PostDataToWeb" time="3.528" classname="Tes_RestAssured.APITestingFramework.TestAPI5"/>
  <system-out/>
</testsuite> <!-- Tes_RestAssured.APITestingFramework.TestAPI5 -->
