<?xml version="1.0" encoding="UTF-8"?>
<!-- Generated by org.testng.reporters.JUnitReportReporter -->
<testsuite skipped="0" hostname="VN-HCM-D-L-0004" name="Tes_RestAssured.APITestingFramework.TestAPI4" tests="1" failures="0" timestamp="2022-06-06T17:14:34 ICT" time="0.761" errors="0">
  <testcase name="QueryingRequestSpecificationExample" time="0.761" classname="Tes_RestAssured.APITestingFramework.TestAPI4"/>
  <system-out/>
</testsuite> <!-- Tes_RestAssured.APITestingFramework.TestAPI4 -->
